<?xml version="1.0" encoding="UTF-8"?>
<!-- Generated by org.testng.reporters.JUnitReportReporter -->
<testsuite hostname="DESKTOP-3JC72G1" failures="0" tests="2" name="testNG_Parallel.ParallelRunner" time="29.974" errors="0" timestamp="2023-08-06T13:17:54 IST" skipped="0">
  <testcase classname="testNG_Parallel.ParallelRunner" name="runScenario" time="18.982"/>
  <system-out/>
  <testcase classname="testNG_Parallel.ParallelRunner" name="runScenario" time="10.992"/>
  <system-out/>
</testsuite> <!-- testNG_Parallel.ParallelRunner -->
